#
# A fatal error has been detected by the Java Runtime Environment:
#
#  EXCEPTION_ACCESS_VIOLATION (0xc0000005) at pc=0x0000000059f8dec4, pid=2084, tid=3628
#
# JRE version: Java(TM) SE Runtime Environment (8.0_05-b13) (build 1.8.0_05-b13)
# Java VM: Java HotSpot(TM) 64-Bit Server VM (25.5-b02 mixed mode windows-amd64 compressed oops)
# Problematic frame:
# C  [awt.dll+0xcdec4]
#
# Failed to write core dump. Minidumps are not enabled by default on client versions of Windows
#
# If you would like to submit a bug report, please visit:
#   http://bugreport.sun.com/bugreport/crash.jsp
# The crash happened outside the Java Virtual Machine in native code.
# See problematic frame for where to report the bug.
#

---------------  T H R E A D  ---------------

Current thread (0x00000000170e8800):  JavaThread "AWT-EventQueue-0" [_thread_in_native, id=3628, stack(0x0000000017a10000,0x0000000017b10000)]

siginfo: ExceptionCode=0xc0000005, reading address 0x0000000000000008

Registers:
RAX=0x000000000000000d, RBX=0x00000000170e89e0, RCX=0x0000000000000000, RDX=0xffffffff8301254e
RSP=0x0000000017b0c0e8, RBP=0x00000000170e89e0, RSI=0x000000001966d7e0, RDI=0x000000001631b350
R8 =0x0000000000000083, R9 =0x000000000083254e, R10=0x0000000001320000, R11=0x000000000000254e
R12=0xffffffff8301254e, R13=0x0000000000000000, R14=0x0000000017b0c880, R15=0x00000000170e8800
RIP=0x0000000059f8dec4, EFLAGS=0x0000000000010202

Top of Stack: (sp=0x0000000017b0c0e8)
0x0000000017b0c0e8:   0000000059ef7459 00000000170e89e0
0x0000000017b0c0f8:   000000001966d7e0 000000010049414e
0x0000000017b0c108:   000000010015f240 0000000000000000
0x0000000017b0c118:   000000001966d7e0 0000000017b0c870
0x0000000017b0c128:   0000000059f2bd1d 00000000170e89e0
0x0000000017b0c138:   0000000000000000 0000000017b0c201
0x0000000017b0c148:   00000000c4446fc8 0000000025aa9080
0x0000000017b0c158:   0000000059ef3de2 0000000017b0c870
0x0000000017b0c168:   0000000017b0c260 00000000170e89e0
0x0000000017b0c178:   00000000a7f5d678 00000000c2540fb8
0x0000000017b0c188:   00000000000002f4 a781bc3000000001
0x0000000017b0c198:   00000000c3303718 00000000a7f76d18
0x0000000017b0c1a8:   00000000a7f5d7b0 00000000c32b9498
0x0000000017b0c1b8:   00000000a788b8f0 00000000c3303718
0x0000000017b0c1c8:   00000000c3253a28 0000000000000000
0x0000000017b0c1d8:   0000000017b0c868 00000000170e89e0 

Instructions: (pc=0x0000000059f8dec4)
0x0000000059f8dea4:   5e 41 5d 41 5c 5f c3 cc 48 8b 41 08 48 05 00 04
0x0000000059f8deb4:   00 00 c3 cc 48 8b 41 08 48 8b 80 18 0c 00 00 c3
0x0000000059f8dec4:   48 8b 49 08 48 85 c9 74 05 e9 d2 b2 fe ff 33 c0
0x0000000059f8ded4:   c3 cc cc cc 48 83 ec 28 48 8b 49 08 48 85 c9 74 


Register to memory mapping:

RAX=0x000000000000000d is an unknown value
RBX=0x00000000170e89e0 is an unknown value
RCX=0x0000000000000000 is an unknown value
RDX=0xffffffff8301254e is an unknown value
RSP=0x0000000017b0c0e8 is pointing into the stack for thread: 0x00000000170e8800
RBP=0x00000000170e89e0 is an unknown value
RSI=0x000000001966d7e0 is an unknown value
RDI=0x000000001631b350 is an unknown value
R8 =0x0000000000000083 is an unknown value
R9 =0x000000000083254e is an unknown value
R10=0x0000000001320000 is an unknown value
R11=0x000000000000254e is an unknown value
R12=0xffffffff8301254e is an unknown value
R13=0x0000000000000000 is an unknown value
R14=0x0000000017b0c880 is pointing into the stack for thread: 0x00000000170e8800
R15=0x00000000170e8800 is a thread


Stack: [0x0000000017a10000,0x0000000017b10000],  sp=0x0000000017b0c0e8,  free space=1008k
Native frames: (J=compiled Java code, j=interpreted, Vv=VM code, C=native code)
C  [awt.dll+0xcdec4]

Java frames: (J=compiled Java code, j=interpreted, Vv=VM code)
j  sun.java2d.windows.GDIBlitLoops.nativeBlit(Lsun/java2d/SurfaceData;Lsun/java2d/SurfaceData;Lsun/java2d/pipe/Region;IIIIIIIIIZ)V+0
j  sun.java2d.windows.GDIBlitLoops.Blit(Lsun/java2d/SurfaceData;Lsun/java2d/SurfaceData;Ljava/awt/Composite;Lsun/java2d/pipe/Region;IIIIII)V+33
J 19626 C2 sun.java2d.pipe.DrawImage.blitSurfaceData(Lsun/java2d/SunGraphics2D;Lsun/java2d/pipe/Region;Lsun/java2d/SurfaceData;Lsun/java2d/SurfaceData;Lsun/java2d/loops/SurfaceType;Lsun/java2d/loops/SurfaceType;IIIIIILjava/awt/Color;)V (145 bytes) @ 0x00000000050789bc [0x0000000005078740+0x27c]
J 3859 C1 sun.java2d.pipe.DrawImage.renderImageCopy(Lsun/java2d/SunGraphics2D;Ljava/awt/Image;Ljava/awt/Color;IIIIII)Z (147 bytes) @ 0x000000000411e85c [0x000000000411e360+0x4fc]
J 4040 C1 sun.java2d.pipe.DrawImage.copyImage(Lsun/java2d/SunGraphics2D;Ljava/awt/Image;IILjava/awt/Color;)Z (105 bytes) @ 0x00000000041b46bc [0x00000000041b4120+0x59c]
J 19623 C1 sun.java2d.pipe.DrawImage.copyImage(Lsun/java2d/SunGraphics2D;Ljava/awt/Image;IILjava/awt/Color;Ljava/awt/image/ImageObserver;)Z (60 bytes) @ 0x00000000046fbd2c [0x00000000046fb7e0+0x54c]
J 19602 C2 javax.swing.RepaintManager$PaintManager.paintDoubleBuffered(Ljavax/swing/JComponent;Ljava/awt/Image;Ljava/awt/Graphics;IIII)V (294 bytes) @ 0x0000000003fb09d4 [0x0000000003fb06e0+0x2f4]
j  javax.swing.RepaintManager$PaintManager.paint(Ljavax/swing/JComponent;Ljavax/swing/JComponent;Ljava/awt/Graphics;IIII)Z+116
J 8681 C1 javax.swing.RepaintManager.paint(Ljavax/swing/JComponent;Ljavax/swing/JComponent;Ljava/awt/Graphics;IIII)V (93 bytes) @ 0x0000000004da9ba4 [0x0000000004da96e0+0x4c4]
J 11337 C2 javax.swing.JComponent.paint(Ljava/awt/Graphics;)V (409 bytes) @ 0x000000000566e39c [0x000000000566d880+0xb1c]
J 17442 C1 java.awt.GraphicsCallback$PaintCallback.run(Ljava/awt/Component;Ljava/awt/Graphics;)V (6 bytes) @ 0x0000000006898e0c [0x0000000006898d00+0x10c]
J 17438 C1 sun.awt.SunGraphicsCallback.runOneComponent(Ljava/awt/Component;Ljava/awt/Rectangle;Ljava/awt/Graphics;Ljava/awt/Shape;I)V (177 bytes) @ 0x000000000689a6ec [0x0000000006899300+0x13ec]
J 17492 C1 sun.awt.SunGraphicsCallback.runComponents([Ljava/awt/Component;Ljava/awt/Graphics;I)V (204 bytes) @ 0x00000000068c5c24 [0x00000000068c49a0+0x1284]
J 17489 C1 java.awt.Container.paint(Ljava/awt/Graphics;)V (62 bytes) @ 0x00000000068c3e04 [0x00000000068c3440+0x9c4]
J 18356 C1 java.awt.Window.paint(Ljava/awt/Graphics;)V (72 bytes) @ 0x0000000005d548c4 [0x0000000005d53e20+0xaa4]
J 15447 C2 javax.swing.RepaintManager$3.run()Ljava/lang/Object; (5 bytes) @ 0x00000000056116a0 [0x0000000005611380+0x320]
v  ~StubRoutines::call_stub
J 1667  java.security.AccessController.doPrivileged(Ljava/security/PrivilegedAction;Ljava/security/AccessControlContext;)Ljava/lang/Object; (0 bytes) @ 0x0000000003b6ab26 [0x0000000003b6aac0+0x66]
J 15339 C2 javax.swing.RepaintManager.paintDirtyRegions(Ljava/util/Map;)V (196 bytes) @ 0x0000000003bda518 [0x0000000003bd9da0+0x778]
J 17400 C2 javax.swing.RepaintManager.prePaintDirtyRegions()V (91 bytes) @ 0x000000000686a658 [0x000000000686a440+0x218]
J 18339 C2 javax.swing.RepaintManager$ProcessingRunnable.run()V (41 bytes) @ 0x0000000005e1bbb0 [0x0000000005e1b9c0+0x1f0]
J 11066 C2 java.awt.EventQueue$3.run()Ljava/lang/Object; (5 bytes) @ 0x0000000003f5e050 [0x0000000003f5dda0+0x2b0]
v  ~StubRoutines::call_stub
J 1667  java.security.AccessController.doPrivileged(Ljava/security/PrivilegedAction;Ljava/security/AccessControlContext;)Ljava/lang/Object; (0 bytes) @ 0x0000000003b6ab26 [0x0000000003b6aac0+0x66]
J 8637 C2 java.awt.EventDispatchThread.pumpOneEventForFilters(I)V (295 bytes) @ 0x0000000004af3fc8 [0x0000000004af2fe0+0xfe8]
J 14155% C2 java.awt.EventDispatchThread.pumpEventsForFilter(ILjava/awt/Conditional;Ljava/awt/EventFilter;)V (47 bytes) @ 0x0000000005eec158 [0x0000000005eec040+0x118]
j  java.awt.EventDispatchThread.pumpEventsForHierarchy(ILjava/awt/Conditional;Ljava/awt/Component;)V+11
j  java.awt.EventDispatchThread.pumpEvents(ILjava/awt/Conditional;)V+4
j  java.awt.EventDispatchThread.pumpEvents(Ljava/awt/Conditional;)V+3
j  java.awt.EventDispatchThread.run()V+9
v  ~StubRoutines::call_stub

---------------  P R O C E S S  ---------------

Java Threads: ( => current thread )
  0x000000002091d000 JavaThread "Tcl Isolation Thread" daemon [_thread_blocked, id=6256, stack(0x0000000017b10000,0x0000000017c10000)]
  0x0000000020920000 JavaThread "Swing-Shell" daemon [_thread_blocked, id=13008, stack(0x0000000029820000,0x0000000029920000)]
  0x0000000018ef6000 JavaThread "D3D Screen Updater" daemon [_thread_blocked, id=13040, stack(0x00000000137f0000,0x00000000138f0000)]
  0x0000000019528000 JavaThread "TimerQueue" daemon [_thread_blocked, id=31692, stack(0x0000000021310000,0x0000000021410000)]
=>0x00000000170e8800 JavaThread "AWT-EventQueue-0" [_thread_in_native, id=3628, stack(0x0000000017a10000,0x0000000017b10000)]
  0x00000000170e7800 JavaThread "AWT-Shutdown" [_thread_blocked, id=34348, stack(0x00000000172a0000,0x00000000173a0000)]
  0x0000000015b06800 JavaThread "Command Watcher" daemon [_thread_blocked, id=35820, stack(0x0000000018420000,0x0000000018520000)]
  0x00000000162f2000 JavaThread "AWT-Windows" daemon [_thread_in_native, id=37872, stack(0x00000000173a0000,0x00000000174a0000)]
  0x00000000162f0800 JavaThread "Java2D Disposer" daemon [_thread_blocked, id=32612, stack(0x00000000171a0000,0x00000000172a0000)]
  0x000000001515f800 JavaThread "Service Thread" daemon [_thread_blocked, id=27856, stack(0x0000000015720000,0x0000000015820000)]
  0x000000001379b800 JavaThread "C1 CompilerThread11" daemon [_thread_blocked, id=9116, stack(0x0000000015620000,0x0000000015720000)]
  0x00000000137a0000 JavaThread "C1 CompilerThread10" daemon [_thread_blocked, id=14388, stack(0x0000000015520000,0x0000000015620000)]
  0x000000001379c800 JavaThread "C1 CompilerThread9" daemon [_thread_blocked, id=20364, stack(0x0000000015020000,0x0000000015120000)]
  0x000000001379d000 JavaThread "C1 CompilerThread8" daemon [_thread_blocked, id=31280, stack(0x0000000014f20000,0x0000000015020000)]
  0x00000000137a1000 JavaThread "C2 CompilerThread7" daemon [_thread_blocked, id=26396, stack(0x0000000014e20000,0x0000000014f20000)]
  0x0000000013783800 JavaThread "C2 CompilerThread6" daemon [_thread_blocked, id=27876, stack(0x0000000014d20000,0x0000000014e20000)]
  0x0000000013760800 JavaThread "C2 CompilerThread5" daemon [_thread_blocked, id=14956, stack(0x0000000014c20000,0x0000000014d20000)]
  0x000000001375f800 JavaThread "C2 CompilerThread4" daemon [_thread_blocked, id=30620, stack(0x0000000014b20000,0x0000000014c20000)]
  0x000000001375d000 JavaThread "C2 CompilerThread3" daemon [_thread_blocked, id=19424, stack(0x0000000014a20000,0x0000000014b20000)]
  0x0000000013750800 JavaThread "C2 CompilerThread2" daemon [_thread_blocked, id=4232, stack(0x0000000014920000,0x0000000014a20000)]
  0x000000001374f000 JavaThread "C2 CompilerThread1" daemon [_thread_blocked, id=20084, stack(0x0000000014820000,0x0000000014920000)]
  0x000000001374b800 JavaThread "C2 CompilerThread0" daemon [_thread_blocked, id=4212, stack(0x0000000014720000,0x0000000014820000)]
  0x000000001374a000 JavaThread "Attach Listener" daemon [_thread_blocked, id=32472, stack(0x0000000014620000,0x0000000014720000)]
  0x0000000013747800 JavaThread "Signal Dispatcher" daemon [_thread_blocked, id=32356, stack(0x0000000014520000,0x0000000014620000)]
  0x0000000002ef3800 JavaThread "Finalizer" daemon [_thread_blocked, id=32184, stack(0x0000000014420000,0x0000000014520000)]
  0x0000000002eec000 JavaThread "Reference Handler" daemon [_thread_blocked, id=24816, stack(0x0000000014320000,0x0000000014420000)]
  0x0000000002e07000 JavaThread "main" [_thread_blocked, id=12020, stack(0x00000000031b0000,0x00000000032b0000)]

Other Threads:
  0x0000000002ee6000 VMThread [stack: 0x0000000012cc0000,0x0000000012dc0000] [id=33908]
  0x0000000015162000 WatcherThread [stack: 0x0000000015820000,0x0000000015920000] [id=34204]

VM state:not at safepoint (normal execution)

VM Mutex/Monitor currently owned by a thread: None

Heap:
 def new generation   total 112896K, used 97595K [0x00000000a2400000, 0x00000000a9e70000, 0x00000000c1800000)
  eden space 100416K,  93% used [0x00000000a2400000, 0x00000000a8016348, 0x00000000a8610000)
  from space 12480K,  26% used [0x00000000a8610000, 0x00000000a89489d8, 0x00000000a9240000)
  to   space 12480K,   0% used [0x00000000a9240000, 0x00000000a9240000, 0x00000000a9e70000)
 tenured generation   total 250624K, used 106750K [0x00000000c1800000, 0x00000000d0cc0000, 0x0000000100000000)
   the space 250624K,  42% used [0x00000000c1800000, 0x00000000c803f888, 0x00000000c803fa00, 0x00000000d0cc0000)
 Metaspace       used 52560K, capacity 53702K, committed 53800K, reserved 1095680K
  class space    used 7177K, capacity 7413K, committed 7464K, reserved 1048576K

Card table byte_map: [0x00000000127d0000,0x0000000012ac0000] byte_map_base: 0x00000000122be000

Polling page: 0x0000000001100000

CodeCache: size=245760Kb used=58494Kb max_used=58894Kb free=187265Kb
 bounds [0x0000000003410000, 0x0000000006e10000, 0x0000000012410000]
 total_blobs=15993 nmethods=15308 adapters=591
 compilation: enabled

Compilation events (10 events):
Event: 166873.910 Thread 0x00000000137a0000 nmethod 19627 0x00000000058395d0 code [0x0000000005839840, 0x000000000583a928]
Event: 166873.921 Thread 0x00000000137a1000 nmethod 19626 0x0000000005078590 code [0x0000000005078740, 0x0000000005079388]
Event: 166878.417 Thread 0x0000000013750800 19628       4       java.awt.image.DirectColorModel::setFields (188 bytes)
Event: 166878.420 Thread 0x0000000013750800 nmethod 19628 0x000000000452fa10 code [0x000000000452fb60, 0x000000000452fdd8]
Event: 166878.445 Thread 0x000000001374b800 19629   !   4       sun.java2d.d3d.D3DBlitLoops::Blit (164 bytes)
Event: 166878.483 Thread 0x000000001374b800 nmethod 19629 0x00000000055ac790 code [0x00000000055aca20, 0x00000000055aea28]
Event: 166879.116 Thread 0x000000001375f800 19630       4       java.awt.Component::processHierarchyBoundsEvent (58 bytes)
Event: 166879.152 Thread 0x000000001375f800 nmethod 19630 0x00000000055a9ed0 code [0x00000000055aa140, 0x00000000055aafa0]
Event: 166879.532 Thread 0x0000000013783800 19631       4       sun.java2d.pipe.LoopPipe::drawLine (46 bytes)
Event: 166879.533 Thread 0x0000000013783800 nmethod 19631 0x0000000006df5610 code [0x0000000006df5760, 0x0000000006df5888]

GC Heap History (10 events):
Event: 15438.894 GC heap before
{Heap before GC invocations=232 (full 2):
 def new generation   total 112896K, used 105195K [0x00000000a2400000, 0x00000000a9e70000, 0x00000000c1800000)
  eden space 100416K, 100% used [0x00000000a2400000, 0x00000000a8610000, 0x00000000a8610000)
  from space 12480K,  38% used [0x00000000a9240000, 0x00000000a96eaf48, 0x00000000a9e70000)
  to   space 12480K,   0% used [0x00000000a8610000, 0x00000000a8610000, 0x00000000a9240000)
 tenured generation   total 250624K, used 79830K [0x00000000c1800000, 0x00000000d0cc0000, 0x0000000100000000)
   the space 250624K,  31% used [0x00000000c1800000, 0x00000000c65f5868, 0x00000000c65f5a00, 0x00000000d0cc0000)
 Metaspace       used 52481K, capacity 53638K, committed 53800K, reserved 1095680K
  class space    used 7172K, capacity 7413K, committed 7464K, reserved 1048576K
Event: 15438.901 GC heap after
Heap after GC invocations=233 (full 2):
 def new generation   total 112896K, used 5227K [0x00000000a2400000, 0x00000000a9e70000, 0x00000000c1800000)
  eden space 100416K,   0% used [0x00000000a2400000, 0x00000000a2400000, 0x00000000a8610000)
  from space 12480K,  41% used [0x00000000a8610000, 0x00000000a8b2af38, 0x00000000a9240000)
  to   space 12480K,   0% used [0x00000000a9240000, 0x00000000a9240000, 0x00000000a9e70000)
 tenured generation   total 250624K, used 79830K [0x00000000c1800000, 0x00000000d0cc0000, 0x0000000100000000)
   the space 250624K,  31% used [0x00000000c1800000, 0x00000000c65f5868, 0x00000000c65f5a00, 0x00000000d0cc0000)
 Metaspace       used 52481K, capacity 53638K, committed 53800K, reserved 1095680K
  class space    used 7172K, capacity 7413K, committed 7464K, reserved 1048576K
}
Event: 17216.828 GC heap before
{Heap before GC invocations=233 (full 2):
 def new generation   total 112896K, used 105643K [0x00000000a2400000, 0x00000000a9e70000, 0x00000000c1800000)
  eden space 100416K, 100% used [0x00000000a2400000, 0x00000000a8610000, 0x00000000a8610000)
  from space 12480K,  41% used [0x00000000a8610000, 0x00000000a8b2af38, 0x00000000a9240000)
  to   space 12480K,   0% used [0x00000000a9240000, 0x00000000a9240000, 0x00000000a9e70000)
 tenured generation   total 250624K, used 79830K [0x00000000c1800000, 0x00000000d0cc0000, 0x0000000100000000)
   the space 250624K,  31% used [0x00000000c1800000, 0x00000000c65f5868, 0x00000000c65f5a00, 0x00000000d0cc0000)
 Metaspace       used 52493K, capacity 53638K, committed 53800K, reserved 1095680K
  class space    used 7172K, capacity 7413K, committed 7464K, reserved 1048576K
Event: 17216.836 GC heap after
Heap after GC invocations=234 (full 2):
 def new generation   total 112896K, used 5559K [0x00000000a2400000, 0x00000000a9e70000, 0x00000000c1800000)
  eden space 100416K,   0% used [0x00000000a2400000, 0x00000000a2400000, 0x00000000a8610000)
  from space 12480K,  44% used [0x00000000a9240000, 0x00000000a97adc38, 0x00000000a9e70000)
  to   space 12480K,   0% used [0x00000000a8610000, 0x00000000a8610000, 0x00000000a9240000)
 tenured generation   total 250624K, used 79830K [0x00000000c1800000, 0x00000000d0cc0000, 0x0000000100000000)
   the space 250624K,  31% used [0x00000000c1800000, 0x00000000c65f5868, 0x00000000c65f5a00, 0x00000000d0cc0000)
 Metaspace       used 52493K, capacity 53638K, committed 53800K, reserved 1095680K
  class space    used 7172K, capacity 7413K, committed 7464K, reserved 1048576K
}
Event: 23659.522 GC heap before
{Heap before GC invocations=234 (full 2):
 def new generation   total 112896K, used 95695K [0x00000000a2400000, 0x00000000a9e70000, 0x00000000c1800000)
  eden space 100416K,  89% used [0x00000000a2400000, 0x00000000a7c06018, 0x00000000a8610000)
  from space 12480K,  44% used [0x00000000a9240000, 0x00000000a97adc38, 0x00000000a9e70000)
  to   space 12480K,   0% used [0x00000000a8610000, 0x00000000a8610000, 0x00000000a9240000)
 tenured generation   total 250624K, used 79830K [0x00000000c1800000, 0x00000000d0cc0000, 0x0000000100000000)
   the space 250624K,  31% used [0x00000000c1800000, 0x00000000c65f5868, 0x00000000c65f5a00, 0x00000000d0cc0000)
 Metaspace       used 52518K, capacity 53638K, committed 53800K, reserved 1095680K
  class space    used 7173K, capacity 7413K, committed 7464K, reserved 1048576K
Event: 23659.610 GC heap after
Heap after GC invocations=235 (full 2):
 def new generation   total 112896K, used 6210K [0x00000000a2400000, 0x00000000a9e70000, 0x00000000c1800000)
  eden space 100416K,   0% used [0x00000000a2400000, 0x00000000a2400000, 0x00000000a8610000)
  from space 12480K,  49% used [0x00000000a8610000, 0x00000000a8c20800, 0x00000000a9240000)
  to   space 12480K,   0% used [0x00000000a9240000, 0x00000000a9240000, 0x00000000a9e70000)
 tenured generation   total 250624K, used 79830K [0x00000000c1800000, 0x00000000d0cc0000, 0x0000000100000000)
   the space 250624K,  31% used [0x00000000c1800000, 0x00000000c65f5868, 0x00000000c65f5a00, 0x00000000d0cc0000)
 Metaspace       used 52518K, capacity 53638K, committed 53800K, reserved 1095680K
  class space    used 7173K, capacity 7413K, committed 7464K, reserved 1048576K
}
Event: 122801.034 GC heap before
{Heap before GC invocations=235 (full 2):
 def new generation   total 112896K, used 106626K [0x00000000a2400000, 0x00000000a9e70000, 0x00000000c1800000)
  eden space 100416K, 100% used [0x00000000a2400000, 0x00000000a8610000, 0x00000000a8610000)
  from space 12480K,  49% used [0x00000000a8610000, 0x00000000a8c20828, 0x00000000a9240000)
  to   space 12480K,   0% used [0x00000000a9240000, 0x00000000a9240000, 0x00000000a9e70000)
 tenured generation   total 250624K, used 79830K [0x00000000c1800000, 0x00000000d0cc0000, 0x0000000100000000)
   the space 250624K,  31% used [0x00000000c1800000, 0x00000000c65f5868, 0x00000000c65f5a00, 0x00000000d0cc0000)
 Metaspace       used 52548K, capacity 53638K, committed 53800K, reserved 1095680K
  class space    used 7177K, capacity 7413K, committed 7464K, reserved 1048576K
Event: 122801.089 GC heap after
Heap after GC invocations=236 (full 2):
 def new generation   total 112896K, used 3604K [0x00000000a2400000, 0x00000000a9e70000, 0x00000000c1800000)
  eden space 100416K,   0% used [0x00000000a2400000, 0x00000000a2400000, 0x00000000a8610000)
  from space 12480K,  28% used [0x00000000a9240000, 0x00000000a95c5248, 0x00000000a9e70000)
  to   space 12480K,   0% used [0x00000000a8610000, 0x00000000a8610000, 0x00000000a9240000)
 tenured generation   total 250624K, used 106750K [0x00000000c1800000, 0x00000000d0cc0000, 0x0000000100000000)
   the space 250624K,  42% used [0x00000000c1800000, 0x00000000c803f888, 0x00000000c803fa00, 0x00000000d0cc0000)
 Metaspace       used 52548K, capacity 53638K, committed 53800K, reserved 1095680K
  class space    used 7177K, capacity 7413K, committed 7464K, reserved 1048576K
}
Event: 122803.956 GC heap before
{Heap before GC invocations=236 (full 2):
 def new generation   total 112896K, used 104020K [0x00000000a2400000, 0x00000000a9e70000, 0x00000000c1800000)
  eden space 100416K, 100% used [0x00000000a2400000, 0x00000000a8610000, 0x00000000a8610000)
  from space 12480K,  28% used [0x00000000a9240000, 0x00000000a95c5248, 0x00000000a9e70000)
  to   space 12480K,   0% used [0x00000000a8610000, 0x00000000a8610000, 0x00000000a9240000)
 tenured generation   total 250624K, used 106750K [0x00000000c1800000, 0x00000000d0cc0000, 0x0000000100000000)
   the space 250624K,  42% used [0x00000000c1800000, 0x00000000c803f888, 0x00000000c803fa00, 0x00000000d0cc0000)
 Metaspace       used 52557K, capacity 53638K, committed 53800K, reserved 1095680K
  class space    used 7177K, capacity 7413K, committed 7464K, reserved 1048576K
Event: 122803.963 GC heap after
Heap after GC invocations=237 (full 2):
 def new generation   total 112896K, used 3298K [0x00000000a2400000, 0x00000000a9e70000, 0x00000000c1800000)
  eden space 100416K,   0% used [0x00000000a2400000, 0x00000000a2400000, 0x00000000a8610000)
  from space 12480K,  26% used [0x00000000a8610000, 0x00000000a89489d8, 0x00000000a9240000)
  to   space 12480K,   0% used [0x00000000a9240000, 0x00000000a9240000, 0x00000000a9e70000)
 tenured generation   total 250624K, used 106750K [0x00000000c1800000, 0x00000000d0cc0000, 0x0000000100000000)
   the space 250624K,  42% used [0x00000000c1800000, 0x00000000c803f888, 0x00000000c803fa00, 0x00000000d0cc0000)
 Metaspace       used 52557K, capacity 53638K, committed 53800K, reserved 1095680K
  class space    used 7177K, capacity 7413K, committed 7464K, reserved 1048576K
}

Deoptimization events (10 events):
Event: 122800.899 Thread 0x00000000170e8800 Uncommon trap: reason=class_check action=maybe_recompile pc=0x000000000657c830 method=sun.java2d.SurfaceData.validatePipe(Lsun/java2d/SunGraphics2D;)V @ 563
Event: 122800.902 Thread 0x00000000170e8800 Uncommon trap: reason=class_check action=maybe_recompile pc=0x000000000657c830 method=sun.java2d.SurfaceData.validatePipe(Lsun/java2d/SunGraphics2D;)V @ 563
Event: 122800.985 Thread 0x00000000170e8800 Uncommon trap: reason=class_check action=maybe_recompile pc=0x0000000005487420 method=sun.java2d.d3d.D3DBlitLoops.Blit(Lsun/java2d/SurfaceData;Lsun/java2d/SurfaceData;Ljava/awt/Composite;Lsun/java2d/pipe/Region;Ljava/awt/geom/AffineTransform;IIIIIDDDDIZ)V ˜pãûý@
Event: 122801.118 Thread 0x00000000170e8800 Uncommon trap: reason=class_check action=maybe_recompile pc=0x0000000005487420 method=sun.java2d.d3d.D3DBlitLoops.Blit(Lsun/java2d/SurfaceData;Lsun/java2d/SurfaceData;Ljava/awt/Composite;Lsun/java2d/pipe/Region;Ljava/awt/geom/AffineTransform;IIIIIDDDDIZ)V 
Event: 122801.638 Thread 0x00000000170e8800 Uncommon trap: reason=class_check action=maybe_recompile pc=0x0000000005487420 method=sun.java2d.d3d.D3DBlitLoops.Blit(Lsun/java2d/SurfaceData;Lsun/java2d/SurfaceData;Ljava/awt/Composite;Lsun/java2d/pipe/Region;Ljava/awt/geom/AffineTransform;IIIIIDDDDIZ)V m‚¹Gûý@
Event: 122801.643 Thread 0x00000000170e8800 Uncommon trap: reason=class_check action=maybe_recompile pc=0x0000000005487420 method=sun.java2d.d3d.D3DBlitLoops.Blit(Lsun/java2d/SurfaceData;Lsun/java2d/SurfaceData;Ljava/awt/Composite;Lsun/java2d/pipe/Region;Ljava/awt/geom/AffineTransform;IIIIIDDDDIZ)V "wÇØÓüý@
Event: 122829.240 Thread 0x00000000170e8800 Uncommon trap: reason=unreached action=reinterpret pc=0x000000000666a3a0 method=sun.java2d.d3d.D3DGraphicsDevice.getDefaultConfiguration()Ljava/awt/GraphicsConfiguration; @ 4
Event: 166873.437 Thread 0x00000000170e8800 Uncommon trap: reason=unreached action=reinterpret pc=0x0000000003bd5718 method=sun.awt.image.VolatileSurfaceManager.validate(Ljava/awt/GraphicsConfiguration;)I @ 36
Event: 166873.621 Thread 0x00000000170e8800 Uncommon trap: reason=unreached action=reinterpret pc=0x00000000068cf8e8 method=sun.java2d.SurfaceData.getSourceSurfaceData(Ljava/awt/Image;ILsun/java2d/loops/CompositeType;Ljava/awt/Color;)Lsun/java2d/SurfaceData; @ 64
Event: 166873.721 Thread 0x00000000170e8800 Uncommon trap: reason=unreached action=reinterpret pc=0x00000000038d1184 method=sun.awt.image.VolatileSurfaceManager.validate(Ljava/awt/GraphicsConfiguration;)I @ 36

Internal exceptions (10 events):
Event: 15360.222 Thread 0x00000000170e8800 Exception <a 'java/security/PrivilegedActionException'> (0x00000000a4488a50) thrown at [D:\re\workspace\8-2-build-windows-amd64-cygwin\jdk8u5\2488\hotspot\src\share\vm\prims\jvm.cpp, line 1248]
Event: 15360.222 Thread 0x00000000170e8800 Exception <a 'java/lang/ClassNotFoundException': com/altera/sopcmodel/beanelement/BeanConnectionCustomizer> (0x00000000a4488e38) thrown at [D:\re\workspace\8-2-build-windows-amd64-cygwin\jdk8u5\2488\hotspot\src\share\vm\classfile\systemDictionary.cpp, line^€}t
Event: 15360.222 Thread 0x00000000170e8800 Exception <a 'java/security/PrivilegedActionException'> (0x00000000a44981c8) thrown at [D:\re\workspace\8-2-build-windows-amd64-cygwin\jdk8u5\2488\hotspot\src\share\vm\prims\jvm.cpp, line 1248]
Event: 15360.222 Thread 0x00000000170e8800 Exception <a 'java/security/PrivilegedActionException'> (0x00000000a44a99d0) thrown at [D:\re\workspace\8-2-build-windows-amd64-cygwin\jdk8u5\2488\hotspot\src\share\vm\prims\jvm.cpp, line 1248]
Event: 15360.222 Thread 0x00000000170e8800 Exception <a 'java/security/PrivilegedActionException'> (0x00000000a44aa468) thrown at [D:\re\workspace\8-2-build-windows-amd64-cygwin\jdk8u5\2488\hotspot\src\share\vm\prims\jvm.cpp, line 1248]
Event: 15360.223 Thread 0x00000000170e8800 Exception <a 'java/security/PrivilegedActionException'> (0x00000000a44bbc70) thrown at [D:\re\workspace\8-2-build-windows-amd64-cygwin\jdk8u5\2488\hotspot\src\share\vm\prims\jvm.cpp, line 1248]
Event: 15360.223 Thread 0x00000000170e8800 Exception <a 'java/lang/ClassNotFoundException': com/altera/sopcmodel/interrupt/InterruptConnectionCustomizer> (0x00000000a44bc058) thrown at [D:\re\workspace\8-2-build-windows-amd64-cygwin\jdk8u5\2488\hotspot\src\share\vm\classfile\systemDictionary.cpp, lÔç´ØÓüý@
Event: 122829.240 Thread 0x00000000170e8800 Implicit null exception at 0x00000000066699d4 to 0x000000000666a389
Event: 166873.437 Thread 0x00000000170e8800 Implicit null exception at 0x0000000003bd5592 to 0x0000000003bd5701
Event: 166873.721 Thread 0x00000000170e8800 Implicit null exception at 0x00000000038d067a to 0x00000000038d1155

Events (10 events):
Event: 166873.721 Thread 0x00000000170e8800 DEOPT UNPACKING pc=0x00000000034573ef sp=0x0000000017b0cc28 mode 2
Event: 166873.810 Thread 0x000000001379b800 flushing nmethod 0x000000000590c2d0
Event: 166873.811 Thread 0x000000001379b800 flushing nmethod 0x00000000059d1a50
Event: 166873.864 Thread 0x0000000013760800 flushing nmethod 0x0000000005b836d0
Event: 166873.865 Thread 0x0000000013760800 flushing nmethod 0x0000000005dc3c50
Event: 166873.897 Thread 0x00000000170e8800 DEOPT PACKING pc=0x0000000003baedd0 sp=0x0000000017b0ae60
Event: 166873.897 Thread 0x00000000170e8800 DEOPT UNPACKING pc=0x0000000003457204 sp=0x0000000017b0ab30 mode 0
Event: 166873.908 Thread 0x00000000170e8800 DEOPT PACKING pc=0x0000000003baedd0 sp=0x0000000017b0b4b0
Event: 166873.908 Thread 0x00000000170e8800 DEOPT UNPACKING pc=0x0000000003457204 sp=0x0000000017b0b180 mode 0
Event: 166873.911 Thread 0x000000001375d000 flushing nmethod 0x000000000604b350


Dynamic libraries:
0x00007ff72e8f0000 - 0x00007ff72e924000 	D:\quartus_lite_18.1\quartus\bin64\jre64\bin\java.exe
0x00007fff37a70000 - 0x00007fff37c68000 	C:\Windows\SYSTEM32\ntdll.dll
0x00007fff35d10000 - 0x00007fff35dcd000 	C:\Windows\System32\KERNEL32.DLL
0x00007fff35500000 - 0x00007fff357f6000 	C:\Windows\System32\KERNELBASE.dll
0x00007fff371a0000 - 0x00007fff37253000 	C:\Windows\System32\ADVAPI32.dll
0x00007fff37020000 - 0x00007fff370be000 	C:\Windows\System32\msvcrt.dll
0x00007fff36f80000 - 0x00007fff3701f000 	C:\Windows\System32\sechost.dll
0x00007fff37900000 - 0x00007fff37a26000 	C:\Windows\System32\RPCRT4.dll
0x00007fff359e0000 - 0x00007fff35a07000 	C:\Windows\System32\bcrypt.dll
0x00007fff36430000 - 0x00007fff365ce000 	C:\Windows\System32\USER32.dll
0x00007fff35890000 - 0x00007fff358b2000 	C:\Windows\System32\win32u.dll
0x00007fff35c70000 - 0x00007fff35c9c000 	C:\Windows\System32\GDI32.dll
0x00007fff358c0000 - 0x00007fff359da000 	C:\Windows\System32\gdi32full.dll
0x00007fff35300000 - 0x00007fff3539d000 	C:\Windows\System32\msvcp_win.dll
0x00007fff351b0000 - 0x00007fff352b0000 	C:\Windows\System32\ucrtbase.dll
0x00007fff116d0000 - 0x00007fff1196a000 	C:\Windows\WinSxS\amd64_microsoft.windows.common-controls_6595b64144ccf1df_6.0.19041.3636_none_60b6a03d71f818d5\COMCTL32.dll
0x00007fff35ae0000 - 0x00007fff35b10000 	C:\Windows\System32\IMM32.DLL
0x000000005a100000 - 0x000000005a1d2000 	D:\quartus_lite_18.1\quartus\bin64\jre64\bin\msvcr100.dll
0x0000000058b10000 - 0x000000005933a000 	D:\quartus_lite_18.1\quartus\bin64\jre64\bin\server\jvm.dll
0x00007fff35fb0000 - 0x00007fff35fb8000 	C:\Windows\System32\PSAPI.DLL
0x00007fff2a500000 - 0x00007fff2a527000 	C:\Windows\SYSTEM32\WINMM.dll
0x00007fff17570000 - 0x00007fff17579000 	C:\Windows\SYSTEM32\WSOCK32.dll
0x00007fff35ca0000 - 0x00007fff35d0b000 	C:\Windows\System32\WS2_32.dll
0x000000005a0c0000 - 0x000000005a0ff000 	D:\quartus_lite_18.1\quartus\bin64\jre64\bin\splashscreen.dll
0x00007fff32600000 - 0x00007fff3269e000 	C:\Windows\system32\uxtheme.dll
0x00007fff37470000 - 0x00007fff377c4000 	C:\Windows\System32\combase.dll
0x000000005a0b0000 - 0x000000005a0bf000 	D:\quartus_lite_18.1\quartus\bin64\jre64\bin\verify.dll
0x000000005a080000 - 0x000000005a0a8000 	D:\quartus_lite_18.1\quartus\bin64\jre64\bin\java.dll
0x00007fff35dd0000 - 0x00007fff35ee4000 	C:\Windows\System32\MSCTF.dll
0x00007fff35ba0000 - 0x00007fff35c6d000 	C:\Windows\System32\OLEAUT32.dll
0x000000005a060000 - 0x000000005a076000 	D:\quartus_lite_18.1\quartus\bin64\jre64\bin\zip.dll
0x00007fff33980000 - 0x00007fff33992000 	C:\Windows\SYSTEM32\kernel.appcore.dll
0x00007fff35800000 - 0x00007fff35882000 	C:\Windows\System32\bcryptPrimitives.dll
0x00007fff1d590000 - 0x00007fff1d689000 	C:\Windows\SYSTEM32\textinputframework.dll
0x00007fff32200000 - 0x00007fff322f2000 	C:\Windows\System32\CoreMessaging.dll
0x00007fff31b20000 - 0x00007fff31e7b000 	C:\Windows\System32\CoreUIComponents.dll
0x00007fff36df0000 - 0x00007fff36e9d000 	C:\Windows\System32\SHCORE.dll
0x00007fff342b0000 - 0x00007fff342e3000 	C:\Windows\SYSTEM32\ntmarta.dll
0x00007fff30b30000 - 0x00007fff30c85000 	C:\Windows\SYSTEM32\wintypes.dll
0x00007fff36640000 - 0x00007fff36d85000 	C:\Windows\System32\SHELL32.dll
0x00007fff331d0000 - 0x00007fff3396b000 	C:\Windows\SYSTEM32\windows.storage.dll
0x00007fff34b70000 - 0x00007fff34b9d000 	C:\Windows\SYSTEM32\Wldp.dll
0x00007fff37410000 - 0x00007fff37465000 	C:\Windows\System32\shlwapi.dll
0x00007fff35070000 - 0x00007fff35095000 	C:\Windows\SYSTEM32\profapi.dll
0x0000000059ec0000 - 0x000000005a056000 	D:\Quartus_Lite_18.1\quartus\bin64\jre64\bin\awt.dll
0x00007fff32450000 - 0x00007fff324e0000 	C:\Windows\SYSTEM32\apphelp.dll
0x00007fff377d0000 - 0x00007fff378fb000 	C:\Windows\System32\ole32.dll
0x00007fff32800000 - 0x00007fff3282f000 	C:\Windows\system32\DWMAPI.DLL
0x00007fff34ad0000 - 0x00007fff34ae8000 	C:\Windows\SYSTEM32\CRYPTSP.dll
0x00007fff34190000 - 0x00007fff341c4000 	C:\Windows\system32\rsaenh.dll
0x00007fff34ff0000 - 0x00007fff3501e000 	C:\Windows\SYSTEM32\USERENV.dll
0x00007fff34ac0000 - 0x00007fff34acc000 	C:\Windows\SYSTEM32\CRYPTBASE.dll
0x0000000059ea0000 - 0x0000000059eba000 	D:\Quartus_Lite_18.1\quartus\bin64\jre64\bin\net.dll
0x00007fff348d0000 - 0x00007fff3493a000 	C:\Windows\system32\mswsock.dll
0x00007fff34570000 - 0x00007fff345ab000 	C:\Windows\SYSTEM32\IPHLPAPI.DLL
0x00007fff35fa0000 - 0x00007fff35fa8000 	C:\Windows\System32\NSI.dll
0x00007fff2d8a0000 - 0x00007fff2d8b7000 	C:\Windows\SYSTEM32\dhcpcsvc6.DLL
0x00007fff2e120000 - 0x00007fff2e13d000 	C:\Windows\SYSTEM32\dhcpcsvc.DLL
0x00007fff345c0000 - 0x00007fff3468a000 	C:\Windows\SYSTEM32\DNSAPI.dll
0x0000000059e80000 - 0x0000000059e91000 	D:\Quartus_Lite_18.1\quartus\bin64\jre64\bin\nio.dll
0x00007fff30af0000 - 0x00007fff30af6000 	D:\Quartus_Lite_18.1\quartus\bin64\sld_utiljni.dll
0x00007ffef1aa0000 - 0x00007ffef1b8f000 	D:\Quartus_Lite_18.1\quartus\bin64\MSVCR120.dll
0x000000005c7d0000 - 0x000000005c957000 	D:\Quartus_Lite_18.1\quartus\bin64\tcl86.dll
0x00007fff194c0000 - 0x00007fff194d9000 	C:\Windows\SYSTEM32\NETAPI32.dll
0x00007fff345b0000 - 0x00007fff345bc000 	C:\Windows\SYSTEM32\NETUTILS.DLL
0x00007fff291c0000 - 0x00007fff291d9000 	C:\Windows\SYSTEM32\SAMCLI.DLL
0x00007fff34690000 - 0x00007fff346d3000 	C:\Windows\SYSTEM32\LOGONCLI.DLL
0x00007ffeeb770000 - 0x00007ffeeb830000 	D:\Quartus_Lite_18.1\quartus\bin64\ccl_sqlite3.dll
0x00007fff2c900000 - 0x00007fff2c910000 	D:\Quartus_Lite_18.1\quartus\bin64\ccl_sqlite3_jdbc_jni_bridge.dll
0x00007fff2bbf0000 - 0x00007fff2bbfa000 	C:\Windows\SYSTEM32\VERSION.dll
0x00007fff34d00000 - 0x00007fff34d12000 	C:\Windows\SYSTEM32\msasn1.dll
0x00007fff2bbb0000 - 0x00007fff2bbe1000 	C:\Windows\SYSTEM32\cryptnet.dll
0x00007fff353a0000 - 0x00007fff354fd000 	C:\Windows\System32\CRYPT32.dll
0x00007fff2bc00000 - 0x00007fff2bd48000 	C:\Windows\SYSTEM32\drvstore.dll
0x00007fff34ed0000 - 0x00007fff34f03000 	C:\Windows\SYSTEM32\devobj.dll
0x00007fff352b0000 - 0x00007fff352fe000 	C:\Windows\System32\cfgmgr32.dll
0x00007fff35140000 - 0x00007fff351a7000 	C:\Windows\System32\wintrust.dll
0x00007fff35ac0000 - 0x00007fff35add000 	C:\Windows\System32\imagehlp.dll
0x00007ffee7ed0000 - 0x00007ffee81a1000 	C:\Windows\system32\nvspcap64.dll
0x00007fff339a0000 - 0x00007fff339c3000 	C:\Windows\SYSTEM32\gpapi.dll
0x00007fff251b0000 - 0x00007fff251eb000 	C:\Windows\SYSTEM32\dxcore.dll
0x0000000059e30000 - 0x0000000059e77000 	D:\Quartus_Lite_18.1\quartus\bin64\jre64\bin\fontmanager.dll
0x00007fff09a10000 - 0x00007fff09ac0000 	C:\Windows\WinSxS\amd64_microsoft.windows.common-controls_6595b64144ccf1df_5.82.19041.3636_none_7931fb75243f97c8\comctl32.dll
0x0000000059de0000 - 0x0000000059e21000 	D:\Quartus_Lite_18.1\quartus\bin64\jre64\bin\t2k.dll
0x0000000013a20000 - 0x0000000013c73000 	D:\Quartus_Lite_18.1\quartus\bin64\nlview.dll
0x00007fff370c0000 - 0x00007fff3719a000 	C:\Windows\System32\comdlg32.dll
0x00007fff170f0000 - 0x00007fff17195000 	C:\Windows\SYSTEM32\WINSPOOL.DRV
0x00007fff35ef0000 - 0x00007fff35f99000 	C:\Windows\System32\clbcatq.dll
0x00007fff269f0000 - 0x00007fff26ba4000 	C:\Windows\SYSTEM32\WindowsCodecs.dll
0x00007ffef59b0000 - 0x00007ffef59ee000 	C:\Windows\system32\dataexchange.dll
0x00007fff30c90000 - 0x00007fff30ef3000 	C:\Windows\system32\d3d11.dll
0x00007fff31920000 - 0x00007fff31b03000 	C:\Windows\system32\dcomp.dll
0x00007fff339f0000 - 0x00007fff33ae3000 	C:\Windows\system32\dxgi.dll
0x00007fff2f210000 - 0x00007fff2f413000 	C:\Windows\system32\twinapi.appcore.dll
0x0000000059db0000 - 0x0000000059dda000 	D:\Quartus_Lite_18.1\quartus\bin64\jre64\bin\dcpr.dll
0x00007fff30770000 - 0x00007fff30866000 	C:\Windows\system32\propsys.dll
0x00007fff2c130000 - 0x00007fff2c147000 	C:\Windows\system32\NetworkExplorer.dll
0x00007ffef5940000 - 0x00007ffef59a6000 	C:\Windows\System32\thumbcache.dll
0x00007fff30870000 - 0x00007fff30911000 	C:\Windows\SYSTEM32\policymanager.dll
0x00007fff34220000 - 0x00007fff342aa000 	C:\Windows\SYSTEM32\msvcp110_win.dll
0x00007fff1bd80000 - 0x00007fff1bf6d000 	C:\Windows\System32\urlmon.dll
0x00007fff1c0b0000 - 0x00007fff1c36c000 	C:\Windows\System32\iertutil.dll
0x00007fff27e30000 - 0x00007fff27e58000 	C:\Windows\System32\srvcli.dll
0x00007fff35020000 - 0x00007fff35052000 	C:\Windows\System32\SspiCli.dll
0x00007fff17550000 - 0x00007fff1756d000 	C:\Windows\SYSTEM32\MPR.dll
0x00007fff119e0000 - 0x00007fff119eb000 	C:\Windows\System32\drprov.dll
0x00007fff33e20000 - 0x00007fff33e7b000 	C:\Windows\System32\WINSTA.dll
0x00007fff119c0000 - 0x00007fff119df000 	C:\Windows\System32\ntlanman.dll
0x00007fff119a0000 - 0x00007fff119be000 	C:\Windows\System32\davclnt.dll
0x00007fff11970000 - 0x00007fff1197d000 	C:\Windows\System32\DAVHLPR.dll
0x00007fff342f0000 - 0x00007fff34309000 	C:\Windows\System32\wkscli.dll
0x00007fff11980000 - 0x00007fff11992000 	C:\Windows\SYSTEM32\cscapi.dll
0x00007ffeeb160000 - 0x00007ffeeb1b6000 	C:\Windows\System32\dlnashext.dll
0x00007ffe8d990000 - 0x00007ffe8d9f4000 	C:\Windows\System32\PlayToDevice.dll
0x00007fff19810000 - 0x00007fff19830000 	C:\Windows\System32\DevDispItemProvider.dll
0x00007fff2e570000 - 0x00007fff2e5f5000 	C:\Windows\System32\MMDevApi.dll
0x00007ffe8b840000 - 0x00007ffe8b8e1000 	C:\Windows\system32\wpdshext.dll
0x00007fff086d0000 - 0x00007fff08875000 	C:\Windows\WinSxS\amd64_microsoft.windows.gdiplus_6595b64144ccf1df_1.1.19041.3636_none_91a19322cc8a92a3\gdiplus.dll
0x00007ffefa6d0000 - 0x00007ffefa773000 	C:\Windows\System32\PortableDeviceApi.dll
0x00007fff35fc0000 - 0x00007fff3642e000 	C:\Windows\System32\SETUPAPI.dll
0x00007ffef4f30000 - 0x00007ffef4f67000 	C:\Windows\System32\EhStorShell.dll
0x00007fff14f30000 - 0x00007fff14f56000 	C:\Windows\System32\EhStorAPI.dll
0x00007fff2ed40000 - 0x00007fff2ed54000 	C:\Windows\System32\WTSAPI32.dll
0x00007fff05cc0000 - 0x00007fff05ccd000 	C:\Windows\SYSTEM32\LINKINFO.dll
0x00007fff175c0000 - 0x00007fff175cc000 	C:\Windows\SYSTEM32\Secur32.dll
0x00007fff29190000 - 0x00007fff291b8000 	C:\Windows\SYSTEM32\SAMLIB.dll
0x00007ffe8b670000 - 0x00007ffe8b83b000 	D:\Quartus_Lite_18.1\quartus\bin64\sld_filejni.dll
0x00007fff2c8f0000 - 0x00007fff2c8f9000 	D:\Quartus_Lite_18.1\quartus\bin64\tcl_jni_bridge.dll

VM Arguments:
jvm_args: -Xmx1500M -XX:+UseSerialGC 
java_command: com.altera.ipedit.QsysEditorApp --project-dir=C:/Users/rz01888/Desktop/year_three/DSD/Task1/system_template_de1_soc/system_template_de1_soc/ --family=Cyclone V --part=5CSEMA5F31C6 --host-controller
java_class_path (initial): D:/quartus_lite_18.1/quartus/sopc_builder/model/lib\Nlview.jar;D:/quartus_lite_18.1/quartus/sopc_builder/model/lib\QuickServer.jar;D:/quartus_lite_18.1/quartus/sopc_builder/model/lib\TableLayout.jar;D:/quartus_lite_18.1/quartus/sopc_builder/model/lib\appframework-1.03.jar;D:/quartus_lite_18.1/quartus/sopc_builder/model/lib\asm-3.1.jar;D:/quartus_lite_18.1/quartus/sopc_builder/model/lib\asm-commons-3.1.jar;D:/quartus_lite_18.1/quartus/sopc_builder/model/lib\basicmodel.jar;D:/quartus_lite_18.1/quartus/sopc_builder/model/lib\beansbinding-1.2.1.jar;D:/quartus_lite_18.1/quartus/sopc_builder/model/lib\binding-2.0.6.jar;D:/quartus_lite_18.1/quartus/sopc_builder/model/lib\com.altera.componenteditor2.jar;D:/quartus_lite_18.1/quartus/sopc_builder/model/lib\com.altera.embeddedsw.app_lib.jar;D:/quartus_lite_18.1/quartus/sopc_builder/model/lib\com.altera.embeddedsw.bsp.editor.jar;D:/quartus_lite_18.1/quartus/sopc_builder/model/lib\com.altera.embeddedsw.bsp.elements.jar;D:/quartus_lite_18.1/quartus/sopc_builder/model/lib\com.altera.embeddedsw.bsp.jar;D:/quartus_lite_18.1/quartus/sopc_builder/model/lib\com.altera.embeddedsw.bsp.plugin.core.jar;D:/quartus_lite_18.1/quartus/sopc_builder/model/lib\com.altera.embeddedsw.bsp.plugin.hal.jar;D:/quartus_lite_18.1/quartus/sopc_builder/model/lib\com.altera.embeddedsw.bsp.plugin.lwhal.jar;D:/quartus_lite_18.1/quartus/sopc_builder/model/lib\com.altera.embeddedsw.bsp.schema.jar;D:/quartus_lite_18.1/quartus/sopc_builder/model/lib\com.altera.embeddedsw.bsp.scripting.jar;D:/quartus_lite_18.1/quartus/sopc_builder/model/lib\com.altera.embeddedsw.commandline.jar;D:/quartus_lite_18.1/quartus/sopc_builder/model/lib\com.altera.embeddedsw.cpexample.jar;D:/quartus_lite_18.1/quartus/sopc_builder/model/lib\com.altera.embeddedsw.flash.jar;D:/quartus_lite_18.1/quartus/sopc_builder/model/lib\com.altera.embeddedsw.launch.jar;D:/quartus_lite_18.1/quartus/sopc_builder/model/lib\com.altera.embeddedsw.swinfo.jar;D:/quartus_lite_18.1/qu
Launcher Type: SUN_STANDARD

Environment Variables:
PATH=D:/quartus_lite_18.1/quartus/bin64;d:\quartus_lite_18.1\quartus\bin64\;C:\Windows\system32;C:\Windows;C:\Windows\System32\Wbem;C:\Windows\System32\WindowsPowerShell\v1.0\;C:\Windows\System32\OpenSSH\;C:\Program Files\NVIDIA Corporation\NVIDIA NvDLISR;C:\Program Files (x86)\Pico Technology\PicoScope6\;C:\Program Files\dotnet\;D:\MATLAB\bin;D:\2021a\bin;C:\Program Files\Microsoft SQL Server\Client SDK\ODBC\170\Tools\Binn\;C:\Program Files (x86)\Microsoft SQL Server\150\Tools\Binn\;C:\Program Files\Microsoft SQL Server\150\Tools\Binn\;C:\Program Files\Microsoft SQL Server\150\DTS\Binn\;C:\Program Files (x86)\Windows Kits\8.1\Windows Performance Toolkit\;C:\Users\rz01888\AppData\Local\Microsoft\WindowsApps;C:\Users\rz01888\.dotnet\tools;C:\Users\rz01888\AppData\Local\Packages\PythonSoftwareFoundation.Python.3.10_qbz5n2kfra8p0\LocalCache\local-packages\Python310\Scripts;;D:\Quartus_Lite_18.1\modelsim_ase\win32aloem;D:\Quartus_Lite_18.1\modelsim_ae\win32aloem
USERNAME=rz01888
OS=Windows_NT
PROCESSOR_IDENTIFIER=AMD64 Family 25 Model 80 Stepping 0, AuthenticAMD



---------------  S Y S T E M  ---------------

OS: Windows 8.1 , 64 bit Build 9600 

CPU:total 16 (16 cores per cpu, 1 threads per core) family 25 model 80 stepping 0, cmov, cx8, fxsr, mmx, sse, sse2, sse3, ssse3, sse4.1, sse4.2, popcnt, avx, avx2, aes, clmul, erms, mmxext, 3dnowpref, lzcnt, sse4a, tsc, tscinvbit

Memory: 4k page, physical 16112120k(1216260k free), swap 43453952k(8049924k free)

vm_info: Java HotSpot(TM) 64-Bit Server VM (25.5-b02) for windows-amd64 JRE (1.8.0_05-b13), built on Mar 18 2014 01:08:39 by "java_re" with MS VC++ 10.0 (VS2010)

time: Mon Jan 15 10:59:48 2024
elapsed time: 166879 seconds

