Analysis & Synthesis report for CORDIC
Thu Mar 07 02:19:37 2024
Quartus Prime Version 18.1.0 Build 625 09/12/2018 SJ Lite Edition


---------------------
; Table of Contents ;
---------------------
  1. Legal Notice
  2. Analysis & Synthesis Summary
  3. Analysis & Synthesis Settings
  4. Parallel Compilation
  5. Analysis & Synthesis Source Files Read
  6. Analysis & Synthesis Resource Usage Summary
  7. Analysis & Synthesis Resource Utilization by Entity
  8. Registers Removed During Synthesis
  9. Removed Registers Triggering Further Register Optimizations
 10. General Register Statistics
 11. Multiplexer Restructuring Statistics (Restructuring Performed)
 12. Parameter Settings for User Entity Instance: Top-level Entity: |CORDIC
 13. Post-Synthesis Netlist Statistics for Top Partition
 14. Elapsed Time Per Partition
 15. Analysis & Synthesis Messages



----------------
; Legal Notice ;
----------------
Copyright (C) 2018  Intel Corporation. All rights reserved.
Your use of Intel Corporation's design tools, logic functions 
and other software and tools, and its AMPP partner logic 
functions, and any output files from any of the foregoing 
(including device programming or simulation files), and any 
associated documentation or information are expressly subject 
to the terms and conditions of the Intel Program License 
Subscription Agreement, the Intel Quartus Prime License Agreement,
the Intel FPGA IP License Agreement, or other applicable license
agreement, including, without limitation, that your use is for
the sole purpose of programming logic devices manufactured by
Intel and sold by Intel or its authorized distributors.  Please
refer to the applicable agreement for further details.



+-------------------------------------------------------------------------------+
; Analysis & Synthesis Summary                                                  ;
+---------------------------------+---------------------------------------------+
; Analysis & Synthesis Status     ; Successful - Thu Mar 07 02:19:37 2024       ;
; Quartus Prime Version           ; 18.1.0 Build 625 09/12/2018 SJ Lite Edition ;
; Revision Name                   ; CORDIC                                      ;
; Top-level Entity Name           ; CORDIC                                      ;
; Family                          ; Cyclone V                                   ;
; Logic utilization (in ALMs)     ; N/A                                         ;
; Total registers                 ; 1585                                        ;
; Total pins                      ; 130                                         ;
; Total virtual pins              ; 0                                           ;
; Total block memory bits         ; 0                                           ;
; Total DSP Blocks                ; 0                                           ;
; Total HSSI RX PCSs              ; 0                                           ;
; Total HSSI PMA RX Deserializers ; 0                                           ;
; Total HSSI TX PCSs              ; 0                                           ;
; Total HSSI PMA TX Serializers   ; 0                                           ;
; Total PLLs                      ; 0                                           ;
; Total DLLs                      ; 0                                           ;
+---------------------------------+---------------------------------------------+


+---------------------------------------------------------------------------------------------------------------------------+
; Analysis & Synthesis Settings                                                                                             ;
+---------------------------------------------------------------------------------+--------------------+--------------------+
; Option                                                                          ; Setting            ; Default Value      ;
+---------------------------------------------------------------------------------+--------------------+--------------------+
; Device                                                                          ; 5CGXFC7C7F23C8     ;                    ;
; Top-level entity name                                                           ; CORDIC             ; CORDIC             ;
; Family name                                                                     ; Cyclone V          ; Cyclone V          ;
; Use smart compilation                                                           ; Off                ; Off                ;
; Enable parallel Assembler and Timing Analyzer during compilation                ; On                 ; On                 ;
; Enable compact report table                                                     ; Off                ; Off                ;
; Restructure Multiplexers                                                        ; Auto               ; Auto               ;
; MLAB Add Timing Constraints For Mixed-Port Feed-Through Mode Setting Don't Care ; Off                ; Off                ;
; Create Debugging Nodes for IP Cores                                             ; Off                ; Off                ;
; Preserve fewer node names                                                       ; On                 ; On                 ;
; Intel FPGA IP Evaluation Mode                                                   ; Enable             ; Enable             ;
; Verilog Version                                                                 ; Verilog_2001       ; Verilog_2001       ;
; VHDL Version                                                                    ; VHDL_1993          ; VHDL_1993          ;
; State Machine Processing                                                        ; Auto               ; Auto               ;
; Safe State Machine                                                              ; Off                ; Off                ;
; Extract Verilog State Machines                                                  ; On                 ; On                 ;
; Extract VHDL State Machines                                                     ; On                 ; On                 ;
; Ignore Verilog initial constructs                                               ; Off                ; Off                ;
; Iteration limit for constant Verilog loops                                      ; 5000               ; 5000               ;
; Iteration limit for non-constant Verilog loops                                  ; 250                ; 250                ;
; Add Pass-Through Logic to Inferred RAMs                                         ; On                 ; On                 ;
; Infer RAMs from Raw Logic                                                       ; On                 ; On                 ;
; Parallel Synthesis                                                              ; On                 ; On                 ;
; DSP Block Balancing                                                             ; Auto               ; Auto               ;
; NOT Gate Push-Back                                                              ; On                 ; On                 ;
; Power-Up Don't Care                                                             ; On                 ; On                 ;
; Remove Redundant Logic Cells                                                    ; Off                ; Off                ;
; Remove Duplicate Registers                                                      ; On                 ; On                 ;
; Ignore CARRY Buffers                                                            ; Off                ; Off                ;
; Ignore CASCADE Buffers                                                          ; Off                ; Off                ;
; Ignore GLOBAL Buffers                                                           ; Off                ; Off                ;
; Ignore ROW GLOBAL Buffers                                                       ; Off                ; Off                ;
; Ignore LCELL Buffers                                                            ; Off                ; Off                ;
; Ignore SOFT Buffers                                                             ; On                 ; On                 ;
; Limit AHDL Integers to 32 Bits                                                  ; Off                ; Off                ;
; Optimization Technique                                                          ; Balanced           ; Balanced           ;
; Carry Chain Length                                                              ; 70                 ; 70                 ;
; Auto Carry Chains                                                               ; On                 ; On                 ;
; Auto Open-Drain Pins                                                            ; On                 ; On                 ;
; Perform WYSIWYG Primitive Resynthesis                                           ; Off                ; Off                ;
; Auto ROM Replacement                                                            ; On                 ; On                 ;
; Auto RAM Replacement                                                            ; On                 ; On                 ;
; Auto DSP Block Replacement                                                      ; On                 ; On                 ;
; Auto Shift Register Replacement                                                 ; Auto               ; Auto               ;
; Allow Shift Register Merging across Hierarchies                                 ; Auto               ; Auto               ;
; Auto Clock Enable Replacement                                                   ; On                 ; On                 ;
; Strict RAM Replacement                                                          ; Off                ; Off                ;
; Allow Synchronous Control Signals                                               ; On                 ; On                 ;
; Force Use of Synchronous Clear Signals                                          ; Off                ; Off                ;
; Auto Resource Sharing                                                           ; Off                ; Off                ;
; Allow Any RAM Size For Recognition                                              ; Off                ; Off                ;
; Allow Any ROM Size For Recognition                                              ; Off                ; Off                ;
; Allow Any Shift Register Size For Recognition                                   ; Off                ; Off                ;
; Use LogicLock Constraints during Resource Balancing                             ; On                 ; On                 ;
; Ignore translate_off and synthesis_off directives                               ; Off                ; Off                ;
; Timing-Driven Synthesis                                                         ; On                 ; On                 ;
; Report Parameter Settings                                                       ; On                 ; On                 ;
; Report Source Assignments                                                       ; On                 ; On                 ;
; Report Connectivity Checks                                                      ; On                 ; On                 ;
; Ignore Maximum Fan-Out Assignments                                              ; Off                ; Off                ;
; Synchronization Register Chain Length                                           ; 3                  ; 3                  ;
; Power Optimization During Synthesis                                             ; Normal compilation ; Normal compilation ;
; HDL message level                                                               ; Level2             ; Level2             ;
; Suppress Register Optimization Related Messages                                 ; Off                ; Off                ;
; Number of Removed Registers Reported in Synthesis Report                        ; 5000               ; 5000               ;
; Number of Swept Nodes Reported in Synthesis Report                              ; 5000               ; 5000               ;
; Number of Inverted Registers Reported in Synthesis Report                       ; 100                ; 100                ;
; Clock MUX Protection                                                            ; On                 ; On                 ;
; Auto Gated Clock Conversion                                                     ; Off                ; Off                ;
; Block Design Naming                                                             ; Auto               ; Auto               ;
; SDC constraint protection                                                       ; Off                ; Off                ;
; Synthesis Effort                                                                ; Auto               ; Auto               ;
; Shift Register Replacement - Allow Asynchronous Clear Signal                    ; On                 ; On                 ;
; Pre-Mapping Resynthesis Optimization                                            ; Off                ; Off                ;
; Analysis & Synthesis Message Level                                              ; Medium             ; Medium             ;
; Disable Register Merging Across Hierarchies                                     ; Auto               ; Auto               ;
; Resource Aware Inference For Block RAM                                          ; On                 ; On                 ;
; Automatic Parallel Synthesis                                                    ; On                 ; On                 ;
; Partial Reconfiguration Bitstream ID                                            ; Off                ; Off                ;
+---------------------------------------------------------------------------------+--------------------+--------------------+


+------------------------------------------+
; Parallel Compilation                     ;
+----------------------------+-------------+
; Processors                 ; Number      ;
+----------------------------+-------------+
; Number detected on machine ; 8           ;
; Maximum allowed            ; 4           ;
;                            ;             ;
; Average used               ; 1.00        ;
; Maximum used               ; 4           ;
;                            ;             ;
; Usage by Processor         ; % Time Used ;
;     Processor 1            ; 100.0%      ;
;     Processor 2            ;   0.0%      ;
;     Processor 3            ;   0.0%      ;
;     Processor 4            ;   0.0%      ;
+----------------------------+-------------+


+--------------------------------------------------------------------------------------------------------------------------------------------------------------------+
; Analysis & Synthesis Source Files Read                                                                                                                             ;
+----------------------------------+-----------------+------------------------+----------------------------------------------------------------------------+---------+
; File Name with User-Entered Path ; Used in Netlist ; File Type              ; File Name with Absolute Path                                               ; Library ;
+----------------------------------+-----------------+------------------------+----------------------------------------------------------------------------+---------+
; CORDIC.v                         ; yes             ; User Verilog HDL File  ; C:/Users/linmo/Desktop/DSD/test/system_template_de1_soc/IP/CORDIC/CORDIC.v ;         ;
+----------------------------------+-----------------+------------------------+----------------------------------------------------------------------------+---------+


+---------------------------------------------------------+
; Analysis & Synthesis Resource Usage Summary             ;
+---------------------------------------------+-----------+
; Resource                                    ; Usage     ;
+---------------------------------------------+-----------+
; Estimate of Logic utilization (ALMs needed) ; 1045      ;
;                                             ;           ;
; Combinational ALUT usage for logic          ; 1922      ;
;     -- 7 input functions                    ; 1         ;
;     -- 6 input functions                    ; 166       ;
;     -- 5 input functions                    ; 45        ;
;     -- 4 input functions                    ; 18        ;
;     -- <=3 input functions                  ; 1692      ;
;                                             ;           ;
; Dedicated logic registers                   ; 1585      ;
;                                             ;           ;
; I/O pins                                    ; 130       ;
;                                             ;           ;
; Total DSP Blocks                            ; 0         ;
;                                             ;           ;
; Maximum fan-out node                        ; clk~input ;
; Maximum fan-out                             ; 1585      ;
; Total fan-out                               ; 10609     ;
; Average fan-out                             ; 2.82      ;
+---------------------------------------------+-----------+


+----------------------------------------------------------------------------------------------------------------------------------------------------------------------------------------+
; Analysis & Synthesis Resource Utilization by Entity                                                                                                                                    ;
+----------------------------+---------------------+---------------------------+-------------------+------------+------+--------------+---------------------+-------------+--------------+
; Compilation Hierarchy Node ; Combinational ALUTs ; Dedicated Logic Registers ; Block Memory Bits ; DSP Blocks ; Pins ; Virtual Pins ; Full Hierarchy Name ; Entity Name ; Library Name ;
+----------------------------+---------------------+---------------------------+-------------------+------------+------+--------------+---------------------+-------------+--------------+
; |CORDIC                    ; 1922 (1922)         ; 1585 (1585)               ; 0                 ; 0          ; 130  ; 0            ; |CORDIC             ; CORDIC      ; work         ;
+----------------------------+---------------------+---------------------------+-------------------+------------+------+--------------+---------------------+-------------+--------------+
Note: For table entries with two numbers listed, the numbers in parentheses indicate the number of resources of the given type used by the specific entity alone. The numbers listed outside of parentheses indicate the total resources of the given type used by the specific entity and all of its sub-entities in the hierarchy.


+----------------------------------------------------------------------------------+
; Registers Removed During Synthesis                                               ;
+-----------------------------------------+----------------------------------------+
; Register name                           ; Reason for Removal                     ;
+-----------------------------------------+----------------------------------------+
; z[0][0]                                 ; Stuck at GND due to stuck port data_in ;
; z[0][1]                                 ; Stuck at GND due to stuck port data_in ;
; z[0][2]                                 ; Stuck at GND due to stuck port data_in ;
; z[0][3]                                 ; Stuck at GND due to stuck port data_in ;
; z[0][4]                                 ; Stuck at GND due to stuck port data_in ;
; z[0][5]                                 ; Stuck at GND due to stuck port data_in ;
; z[0][6]                                 ; Stuck at GND due to stuck port data_in ;
; z[0][31]                                ; Stuck at GND due to stuck port data_in ;
; y[0][0]                                 ; Stuck at GND due to stuck port data_in ;
; y[0][1]                                 ; Stuck at GND due to stuck port data_in ;
; y[0][2]                                 ; Stuck at GND due to stuck port data_in ;
; y[0][3]                                 ; Stuck at GND due to stuck port data_in ;
; y[0][4]                                 ; Stuck at GND due to stuck port data_in ;
; y[0][5]                                 ; Stuck at GND due to stuck port data_in ;
; y[0][6]                                 ; Stuck at GND due to stuck port data_in ;
; y[0][7]                                 ; Stuck at GND due to stuck port data_in ;
; y[0][8]                                 ; Stuck at GND due to stuck port data_in ;
; y[0][9]                                 ; Stuck at GND due to stuck port data_in ;
; y[0][10]                                ; Stuck at GND due to stuck port data_in ;
; y[0][11]                                ; Stuck at GND due to stuck port data_in ;
; y[0][12]                                ; Stuck at GND due to stuck port data_in ;
; y[0][13]                                ; Stuck at GND due to stuck port data_in ;
; y[0][14]                                ; Stuck at GND due to stuck port data_in ;
; y[0][15]                                ; Stuck at GND due to stuck port data_in ;
; y[0][16]                                ; Stuck at GND due to stuck port data_in ;
; y[0][17]                                ; Stuck at GND due to stuck port data_in ;
; y[0][18]                                ; Stuck at GND due to stuck port data_in ;
; y[0][19]                                ; Stuck at GND due to stuck port data_in ;
; y[0][20]                                ; Stuck at GND due to stuck port data_in ;
; y[0][21]                                ; Stuck at GND due to stuck port data_in ;
; y[0][22]                                ; Stuck at GND due to stuck port data_in ;
; y[0][23]                                ; Stuck at GND due to stuck port data_in ;
; y[0][24]                                ; Stuck at GND due to stuck port data_in ;
; y[0][25]                                ; Stuck at GND due to stuck port data_in ;
; y[0][26]                                ; Stuck at GND due to stuck port data_in ;
; y[0][27]                                ; Stuck at GND due to stuck port data_in ;
; y[0][28]                                ; Stuck at GND due to stuck port data_in ;
; y[0][29]                                ; Stuck at GND due to stuck port data_in ;
; y[0][30]                                ; Stuck at GND due to stuck port data_in ;
; y[0][31]                                ; Stuck at GND due to stuck port data_in ;
; x[0][0]                                 ; Stuck at GND due to stuck port data_in ;
; x[0][2]                                 ; Stuck at GND due to stuck port data_in ;
; x[0][4]                                 ; Stuck at GND due to stuck port data_in ;
; x[0][7]                                 ; Stuck at GND due to stuck port data_in ;
; x[0][10]                                ; Stuck at GND due to stuck port data_in ;
; x[0][14]                                ; Stuck at GND due to stuck port data_in ;
; x[0][15]                                ; Stuck at GND due to stuck port data_in ;
; x[0][17]                                ; Stuck at GND due to stuck port data_in ;
; x[0][21]                                ; Stuck at GND due to stuck port data_in ;
; x[0][24]                                ; Stuck at GND due to stuck port data_in ;
; x[0][27]                                ; Stuck at GND due to stuck port data_in ;
; x[0][28]                                ; Stuck at GND due to stuck port data_in ;
; x[0][30]                                ; Stuck at GND due to stuck port data_in ;
; x[0][31]                                ; Stuck at GND due to stuck port data_in ;
; y[1][0]                                 ; Stuck at GND due to stuck port data_in ;
; y[1][2]                                 ; Stuck at GND due to stuck port data_in ;
; y[1][4]                                 ; Stuck at GND due to stuck port data_in ;
; y[1][7]                                 ; Stuck at GND due to stuck port data_in ;
; y[1][10]                                ; Stuck at GND due to stuck port data_in ;
; y[1][14]                                ; Stuck at GND due to stuck port data_in ;
; y[1][15]                                ; Stuck at GND due to stuck port data_in ;
; y[1][17]                                ; Stuck at GND due to stuck port data_in ;
; y[1][21]                                ; Stuck at GND due to stuck port data_in ;
; y[1][24]                                ; Stuck at GND due to stuck port data_in ;
; y[1][27]                                ; Stuck at GND due to stuck port data_in ;
; y[1][28]                                ; Stuck at GND due to stuck port data_in ;
; y[1][30]                                ; Stuck at GND due to stuck port data_in ;
; y[1][31]                                ; Stuck at GND due to stuck port data_in ;
; x[1][0]                                 ; Stuck at GND due to stuck port data_in ;
; x[1][2]                                 ; Stuck at GND due to stuck port data_in ;
; x[1][4]                                 ; Stuck at GND due to stuck port data_in ;
; x[1][7]                                 ; Stuck at GND due to stuck port data_in ;
; x[1][10]                                ; Stuck at GND due to stuck port data_in ;
; x[1][14]                                ; Stuck at GND due to stuck port data_in ;
; x[1][15]                                ; Stuck at GND due to stuck port data_in ;
; x[1][17]                                ; Stuck at GND due to stuck port data_in ;
; x[1][21]                                ; Stuck at GND due to stuck port data_in ;
; x[1][24]                                ; Stuck at GND due to stuck port data_in ;
; x[1][27]                                ; Stuck at GND due to stuck port data_in ;
; x[1][28]                                ; Stuck at GND due to stuck port data_in ;
; x[1][30]                                ; Stuck at GND due to stuck port data_in ;
; x[1][31]                                ; Stuck at GND due to stuck port data_in ;
; z[1][0]                                 ; Stuck at GND due to stuck port data_in ;
; z[2][0]                                 ; Stuck at VCC due to stuck port data_in ;
; z[1][1]                                 ; Stuck at GND due to stuck port data_in ;
; z[1][2]                                 ; Stuck at GND due to stuck port data_in ;
; z[1][3]                                 ; Stuck at VCC due to stuck port data_in ;
; z[1][4]                                 ; Stuck at VCC due to stuck port data_in ;
; z[1][5]                                 ; Stuck at GND due to stuck port data_in ;
; z[1][6]                                 ; Stuck at VCC due to stuck port data_in ;
; z[2][2]                                 ; Merged with z[2][1]                    ;
; x[1][1]                                 ; Merged with y[1][1]                    ;
; x[1][3]                                 ; Merged with y[1][3]                    ;
; x[1][5]                                 ; Merged with y[1][5]                    ;
; x[1][6]                                 ; Merged with y[1][6]                    ;
; x[1][8]                                 ; Merged with y[1][8]                    ;
; x[1][9]                                 ; Merged with y[1][9]                    ;
; x[1][11]                                ; Merged with y[1][11]                   ;
; x[1][12]                                ; Merged with y[1][12]                   ;
; x[1][13]                                ; Merged with y[1][13]                   ;
; x[1][16]                                ; Merged with y[1][16]                   ;
; x[1][18]                                ; Merged with y[1][18]                   ;
; x[1][19]                                ; Merged with y[1][19]                   ;
; x[1][20]                                ; Merged with y[1][20]                   ;
; x[1][22]                                ; Merged with y[1][22]                   ;
; x[1][23]                                ; Merged with y[1][23]                   ;
; x[1][25]                                ; Merged with y[1][25]                   ;
; x[1][26]                                ; Merged with y[1][26]                   ;
; x[1][29]                                ; Merged with y[1][29]                   ;
; y[1][12]                                ; Merged with y[1][11]                   ;
; y[1][13]                                ; Merged with y[1][11]                   ;
; y[1][16]                                ; Merged with y[1][11]                   ;
; y[1][18]                                ; Merged with y[1][11]                   ;
; y[1][19]                                ; Merged with y[1][11]                   ;
; y[1][1]                                 ; Merged with y[1][11]                   ;
; y[1][20]                                ; Merged with y[1][11]                   ;
; y[1][22]                                ; Merged with y[1][11]                   ;
; y[1][23]                                ; Merged with y[1][11]                   ;
; y[1][25]                                ; Merged with y[1][11]                   ;
; y[1][26]                                ; Merged with y[1][11]                   ;
; y[1][29]                                ; Merged with y[1][11]                   ;
; y[1][3]                                 ; Merged with y[1][11]                   ;
; y[1][5]                                 ; Merged with y[1][11]                   ;
; y[1][6]                                 ; Merged with y[1][11]                   ;
; y[1][8]                                 ; Merged with y[1][11]                   ;
; y[1][9]                                 ; Merged with y[1][11]                   ;
; x[0][12]                                ; Merged with x[0][11]                   ;
; x[0][13]                                ; Merged with x[0][11]                   ;
; x[0][16]                                ; Merged with x[0][11]                   ;
; x[0][18]                                ; Merged with x[0][11]                   ;
; x[0][19]                                ; Merged with x[0][11]                   ;
; x[0][1]                                 ; Merged with x[0][11]                   ;
; x[0][20]                                ; Merged with x[0][11]                   ;
; x[0][22]                                ; Merged with x[0][11]                   ;
; x[0][23]                                ; Merged with x[0][11]                   ;
; x[0][25]                                ; Merged with x[0][11]                   ;
; x[0][26]                                ; Merged with x[0][11]                   ;
; x[0][29]                                ; Merged with x[0][11]                   ;
; x[0][3]                                 ; Merged with x[0][11]                   ;
; x[0][5]                                 ; Merged with x[0][11]                   ;
; x[0][6]                                 ; Merged with x[0][11]                   ;
; x[0][8]                                 ; Merged with x[0][11]                   ;
; x[0][9]                                 ; Merged with x[0][11]                   ;
; z[3][0]                                 ; Stuck at VCC due to stuck port data_in ;
; z[4][0]                                 ; Stuck at VCC due to stuck port data_in ;
; z[5][0]                                 ; Stuck at VCC due to stuck port data_in ;
; z[6][0]                                 ; Stuck at GND due to stuck port data_in ;
; z[7][0]                                 ; Stuck at GND due to stuck port data_in ;
; z[8][0]                                 ; Stuck at VCC due to stuck port data_in ;
; z[9][0]                                 ; Stuck at VCC due to stuck port data_in ;
; z[10][0]                                ; Stuck at GND due to stuck port data_in ;
; z[11][0]                                ; Stuck at GND due to stuck port data_in ;
; z[12][0]                                ; Stuck at VCC due to stuck port data_in ;
; z[13][0]                                ; Stuck at GND due to stuck port data_in ;
; z[14][0]                                ; Stuck at VCC due to stuck port data_in ;
; z[15][0]                                ; Stuck at GND due to stuck port data_in ;
; z[16][0]                                ; Stuck at VCC due to stuck port data_in ;
; z[17][0]                                ; Stuck at GND due to stuck port data_in ;
; z[2][4]                                 ; Stuck at VCC due to stuck port data_in ;
; z[2][5]                                 ; Stuck at GND due to stuck port data_in ;
; z[2][6]                                 ; Stuck at VCC due to stuck port data_in ;
; z[3][2]                                 ; Merged with z[3][1]                    ;
; z[2][3]                                 ; Merged with z[2][1]                    ;
; y[2][0]                                 ; Merged with x[2][0]                    ;
; y[2][31]                                ; Stuck at GND due to stuck port data_in ;
; x[2][31]                                ; Stuck at GND due to stuck port data_in ;
; x[2][26]                                ; Stuck at GND due to stuck port data_in ;
; y[2][26]                                ; Stuck at GND due to stuck port data_in ;
; x[2][23]                                ; Stuck at GND due to stuck port data_in ;
; y[2][23]                                ; Stuck at GND due to stuck port data_in ;
; x[2][20]                                ; Stuck at GND due to stuck port data_in ;
; y[2][20]                                ; Stuck at GND due to stuck port data_in ;
; y[2][13]                                ; Stuck at GND due to stuck port data_in ;
; x[2][13]                                ; Stuck at GND due to stuck port data_in ;
; y[2][9]                                 ; Stuck at GND due to stuck port data_in ;
; x[2][9]                                 ; Stuck at GND due to stuck port data_in ;
; y[2][6]                                 ; Stuck at GND due to stuck port data_in ;
; x[2][6]                                 ; Stuck at GND due to stuck port data_in ;
; x[2][30]                                ; Stuck at GND due to stuck port data_in ;
; y[2][30]                                ; Stuck at GND due to stuck port data_in ;
; y[2][21]                                ; Merged with x[2][29]                   ;
; y[2][18]                                ; Merged with x[2][29]                   ;
; y[2][10]                                ; Merged with x[2][29]                   ;
; y[2][7]                                 ; Merged with x[2][29]                   ;
; y[2][5]                                 ; Merged with x[2][29]                   ;
; x[2][1]                                 ; Merged with x[2][29]                   ;
; x[2][3]                                 ; Merged with x[2][29]                   ;
; x[2][16]                                ; Merged with x[2][29]                   ;
; x[2][27]                                ; Merged with x[2][29]                   ;
; x[2][14]                                ; Merged with x[2][29]                   ;
; y[2][25]                                ; Merged with x[2][28]                   ;
; x[2][25]                                ; Merged with x[2][28]                   ;
; y[2][22]                                ; Merged with x[2][28]                   ;
; x[2][22]                                ; Merged with x[2][28]                   ;
; y[2][19]                                ; Merged with x[2][28]                   ;
; x[2][19]                                ; Merged with x[2][28]                   ;
; y[2][17]                                ; Merged with x[2][28]                   ;
; x[2][17]                                ; Merged with x[2][28]                   ;
; y[2][12]                                ; Merged with x[2][28]                   ;
; y[2][11]                                ; Merged with x[2][28]                   ;
; x[2][12]                                ; Merged with x[2][28]                   ;
; x[2][11]                                ; Merged with x[2][28]                   ;
; y[2][8]                                 ; Merged with x[2][28]                   ;
; x[2][8]                                 ; Merged with x[2][28]                   ;
; y[2][4]                                 ; Merged with x[2][28]                   ;
; y[2][2]                                 ; Merged with x[2][28]                   ;
; x[2][0]                                 ; Merged with x[2][28]                   ;
; x[2][2]                                 ; Merged with x[2][28]                   ;
; x[2][4]                                 ; Merged with x[2][28]                   ;
; y[2][28]                                ; Merged with x[2][28]                   ;
; y[2][15]                                ; Merged with x[2][28]                   ;
; x[2][15]                                ; Merged with x[2][28]                   ;
; x[2][24]                                ; Merged with y[2][29]                   ;
; y[2][3]                                 ; Merged with y[2][29]                   ;
; y[2][1]                                 ; Merged with y[2][29]                   ;
; x[2][21]                                ; Merged with y[2][29]                   ;
; x[2][18]                                ; Merged with y[2][29]                   ;
; x[2][10]                                ; Merged with y[2][29]                   ;
; x[2][5]                                 ; Merged with y[2][29]                   ;
; y[2][27]                                ; Merged with y[2][29]                   ;
; y[2][14]                                ; Merged with y[2][29]                   ;
; y[2][16]                                ; Merged with y[2][29]                   ;
; Total Number of Removed Registers = 222 ;                                        ;
+-----------------------------------------+----------------------------------------+


+------------------------------------------------------------------------------------------------------------------------------------------------+
; Removed Registers Triggering Further Register Optimizations                                                                                    ;
+---------------+---------------------------+----------------------------------------------------------------------------------------------------+
; Register name ; Reason for Removal        ; Registers Removed due to This Register                                                             ;
+---------------+---------------------------+----------------------------------------------------------------------------------------------------+
; z[0][31]      ; Stuck at GND              ; y[1][0], y[1][2], y[1][4], y[1][7], y[1][10], y[1][14], y[1][15], y[1][17], y[1][21], y[1][24],    ;
;               ; due to stuck port data_in ; y[1][27], y[1][28], y[1][30], y[1][31], x[1][0], x[1][2], x[1][4], x[1][7], x[1][10], x[1][14],    ;
;               ;                           ; x[1][15], x[1][17], x[1][21], x[1][24], x[1][27], x[1][28], x[1][30], x[1][31], z[1][0], z[2][0],  ;
;               ;                           ; z[1][1], z[1][2], z[1][3], z[1][4], z[1][5], z[1][6], z[3][0], z[4][0], z[5][0], z[6][0], z[7][0], ;
;               ;                           ; z[8][0], z[9][0], z[10][0], z[11][0], z[12][0], z[13][0], z[14][0], z[15][0], z[16][0], z[17][0],  ;
;               ;                           ; z[2][4], z[2][5], z[2][6], y[2][6], x[2][6]                                                        ;
+---------------+---------------------------+----------------------------------------------------------------------------------------------------+


+------------------------------------------------------+
; General Register Statistics                          ;
+----------------------------------------------+-------+
; Statistic                                    ; Value ;
+----------------------------------------------+-------+
; Total registers                              ; 1585  ;
; Number of registers using Synchronous Clear  ; 24    ;
; Number of registers using Synchronous Load   ; 0     ;
; Number of registers using Asynchronous Clear ; 0     ;
; Number of registers using Asynchronous Load  ; 0     ;
; Number of registers using Clock Enable       ; 0     ;
; Number of registers using Preset             ; 0     ;
+----------------------------------------------+-------+


+------------------------------------------------------------------------------------------------------------------------------------------+
; Multiplexer Restructuring Statistics (Restructuring Performed)                                                                           ;
+--------------------+-----------+---------------+----------------------+------------------------+------------+----------------------------+
; Multiplexer Inputs ; Bus Width ; Baseline Area ; Area if Restructured ; Saving if Restructured ; Registered ; Example Multiplexer Output ;
+--------------------+-----------+---------------+----------------------+------------------------+------------+----------------------------+
; 4:1                ; 16 bits   ; 32 LEs        ; 32 LEs               ; 0 LEs                  ; No         ; |CORDIC|ShiftRight0        ;
; 4:1                ; 4 bits    ; 8 LEs         ; 8 LEs                ; 0 LEs                  ; No         ; |CORDIC|ShiftRight0        ;
; 4:1                ; 17 bits   ; 34 LEs        ; 34 LEs               ; 0 LEs                  ; No         ; |CORDIC|ShiftLeft0         ;
; 4:1                ; 4 bits    ; 8 LEs         ; 8 LEs                ; 0 LEs                  ; No         ; |CORDIC|ShiftLeft0         ;
; 9:1                ; 23 bits   ; 138 LEs       ; 138 LEs              ; 0 LEs                  ; No         ; |CORDIC|mantissa           ;
; 11:1               ; 4 bits    ; 28 LEs        ; 28 LEs               ; 0 LEs                  ; No         ; |CORDIC|fixed_in           ;
; 11:1               ; 4 bits    ; 28 LEs        ; 28 LEs               ; 0 LEs                  ; No         ; |CORDIC|fixed_in           ;
; 14:1               ; 4 bits    ; 36 LEs        ; 32 LEs               ; 4 LEs                  ; No         ; |CORDIC|fixed_in           ;
; 14:1               ; 4 bits    ; 36 LEs        ; 36 LEs               ; 0 LEs                  ; No         ; |CORDIC|fixed_in           ;
; 14:1               ; 4 bits    ; 36 LEs        ; 36 LEs               ; 0 LEs                  ; No         ; |CORDIC|fixed_in           ;
; 14:1               ; 3 bits    ; 27 LEs        ; 24 LEs               ; 3 LEs                  ; No         ; |CORDIC|fixed_in           ;
+--------------------+-----------+---------------+----------------------+------------------------+------------+----------------------------+


+------------------------------------------------------------------------+
; Parameter Settings for User Entity Instance: Top-level Entity: |CORDIC ;
+----------------+-------+-----------------------------------------------+
; Parameter Name ; Value ; Type                                          ;
+----------------+-------+-----------------------------------------------+
; M              ; 20    ; Signed Integer                                ;
; W              ; 32    ; Signed Integer                                ;
; EXONENT_BITS   ; 8     ; Signed Integer                                ;
; MANTISSA_BITS  ; 23    ; Signed Integer                                ;
; INTEGER_BITS   ; 2     ; Signed Integer                                ;
; FRACTION_BITS  ; 30    ; Signed Integer                                ;
+----------------+-------+-----------------------------------------------+
Note: In order to hide this table in the UI and the text report file, please set the "Show Parameter Settings in Synthesis Report" option in "Analysis and Synthesis Settings -> More Settings" to "Off".


+-----------------------------------------------------+
; Post-Synthesis Netlist Statistics for Top Partition ;
+-----------------------+-----------------------------+
; Type                  ; Count                       ;
+-----------------------+-----------------------------+
; arriav_ff             ; 1585                        ;
;     SCLR              ; 24                          ;
;     plain             ; 1561                        ;
; arriav_lcell_comb     ; 1924                        ;
;     arith             ; 1501                        ;
;         0 data inputs ; 1                           ;
;         1 data inputs ; 97                          ;
;         2 data inputs ; 379                         ;
;         3 data inputs ; 1024                        ;
;     extend            ; 1                           ;
;         7 data inputs ; 1                           ;
;     normal            ; 267                         ;
;         0 data inputs ; 1                           ;
;         1 data inputs ; 10                          ;
;         2 data inputs ; 12                          ;
;         3 data inputs ; 15                          ;
;         4 data inputs ; 18                          ;
;         5 data inputs ; 45                          ;
;         6 data inputs ; 166                         ;
;     shared            ; 155                         ;
;         0 data inputs ; 5                           ;
;         2 data inputs ; 150                         ;
; boundary_port         ; 130                         ;
;                       ;                             ;
; Max LUT depth         ; 5.40                        ;
; Average LUT depth     ; 3.28                        ;
+-----------------------+-----------------------------+


+-------------------------------+
; Elapsed Time Per Partition    ;
+----------------+--------------+
; Partition Name ; Elapsed Time ;
+----------------+--------------+
; Top            ; 00:00:01     ;
+----------------+--------------+


+-------------------------------+
; Analysis & Synthesis Messages ;
+-------------------------------+
Info: *******************************************************************
Info: Running Quartus Prime Analysis & Synthesis
    Info: Version 18.1.0 Build 625 09/12/2018 SJ Lite Edition
    Info: Processing started: Thu Mar 07 02:19:27 2024
Info: Command: quartus_map --read_settings_files=on --write_settings_files=off CORDIC -c CORDIC
Warning (18236): Number of processors has not been specified which may cause overloading on shared machines.  Set the global assignment NUM_PARALLEL_PROCESSORS in your QSF to an appropriate value for best performance.
Info (20030): Parallel compilation is enabled and will use 4 of the 4 processors detected
Info (12021): Found 1 design units, including 1 entities, in source file testbench_1.v
    Info (12023): Found entity 1: tb File: C:/Users/linmo/Desktop/DSD/test/system_template_de1_soc/IP/CORDIC/testbench_1.v Line: 2
Info (12021): Found 1 design units, including 1 entities, in source file cordic.v
    Info (12023): Found entity 1: CORDIC File: C:/Users/linmo/Desktop/DSD/test/system_template_de1_soc/IP/CORDIC/CORDIC.v Line: 7
Warning (10236): Verilog HDL Implicit Net warning at testbench_1.v(20): created implicit net for "datab" File: C:/Users/linmo/Desktop/DSD/test/system_template_de1_soc/IP/CORDIC/testbench_1.v Line: 20
Info (12127): Elaborating entity "CORDIC" for the top level hierarchy
Warning (10230): Verilog HDL assignment warning at CORDIC.v(144): truncated value with size 32 to match size of target (8) File: C:/Users/linmo/Desktop/DSD/test/system_template_de1_soc/IP/CORDIC/CORDIC.v Line: 144
Warning (10764): Verilog HDL warning at CORDIC.v(153): converting signed shift amount to unsigned File: C:/Users/linmo/Desktop/DSD/test/system_template_de1_soc/IP/CORDIC/CORDIC.v Line: 153
Warning (10764): Verilog HDL warning at CORDIC.v(157): converting signed shift amount to unsigned File: C:/Users/linmo/Desktop/DSD/test/system_template_de1_soc/IP/CORDIC/CORDIC.v Line: 157
Warning (10230): Verilog HDL assignment warning at CORDIC.v(180): truncated value with size 32 to match size of target (8) File: C:/Users/linmo/Desktop/DSD/test/system_template_de1_soc/IP/CORDIC/CORDIC.v Line: 180
Warning (10230): Verilog HDL assignment warning at CORDIC.v(183): truncated value with size 32 to match size of target (8) File: C:/Users/linmo/Desktop/DSD/test/system_template_de1_soc/IP/CORDIC/CORDIC.v Line: 183
Warning (10230): Verilog HDL assignment warning at CORDIC.v(186): truncated value with size 32 to match size of target (8) File: C:/Users/linmo/Desktop/DSD/test/system_template_de1_soc/IP/CORDIC/CORDIC.v Line: 186
Warning (10230): Verilog HDL assignment warning at CORDIC.v(189): truncated value with size 32 to match size of target (8) File: C:/Users/linmo/Desktop/DSD/test/system_template_de1_soc/IP/CORDIC/CORDIC.v Line: 189
Warning (10230): Verilog HDL assignment warning at CORDIC.v(192): truncated value with size 32 to match size of target (8) File: C:/Users/linmo/Desktop/DSD/test/system_template_de1_soc/IP/CORDIC/CORDIC.v Line: 192
Warning (10230): Verilog HDL assignment warning at CORDIC.v(195): truncated value with size 32 to match size of target (8) File: C:/Users/linmo/Desktop/DSD/test/system_template_de1_soc/IP/CORDIC/CORDIC.v Line: 195
Warning (10230): Verilog HDL assignment warning at CORDIC.v(198): truncated value with size 32 to match size of target (8) File: C:/Users/linmo/Desktop/DSD/test/system_template_de1_soc/IP/CORDIC/CORDIC.v Line: 198
Warning (10230): Verilog HDL assignment warning at CORDIC.v(205): truncated value with size 32 to match size of target (8) File: C:/Users/linmo/Desktop/DSD/test/system_template_de1_soc/IP/CORDIC/CORDIC.v Line: 205
Warning (13024): Output pins are stuck at VCC or GND
    Warning (13410): Pin "fixedpoint_in[0]" is stuck at GND File: C:/Users/linmo/Desktop/DSD/test/system_template_de1_soc/IP/CORDIC/CORDIC.v Line: 23
    Warning (13410): Pin "fixedpoint_in[1]" is stuck at GND File: C:/Users/linmo/Desktop/DSD/test/system_template_de1_soc/IP/CORDIC/CORDIC.v Line: 23
    Warning (13410): Pin "fixedpoint_in[2]" is stuck at GND File: C:/Users/linmo/Desktop/DSD/test/system_template_de1_soc/IP/CORDIC/CORDIC.v Line: 23
    Warning (13410): Pin "fixedpoint_in[3]" is stuck at GND File: C:/Users/linmo/Desktop/DSD/test/system_template_de1_soc/IP/CORDIC/CORDIC.v Line: 23
    Warning (13410): Pin "fixedpoint_in[4]" is stuck at GND File: C:/Users/linmo/Desktop/DSD/test/system_template_de1_soc/IP/CORDIC/CORDIC.v Line: 23
    Warning (13410): Pin "fixedpoint_in[5]" is stuck at GND File: C:/Users/linmo/Desktop/DSD/test/system_template_de1_soc/IP/CORDIC/CORDIC.v Line: 23
    Warning (13410): Pin "fixedpoint_in[6]" is stuck at GND File: C:/Users/linmo/Desktop/DSD/test/system_template_de1_soc/IP/CORDIC/CORDIC.v Line: 23
    Warning (13410): Pin "fixedpoint_in[31]" is stuck at GND File: C:/Users/linmo/Desktop/DSD/test/system_template_de1_soc/IP/CORDIC/CORDIC.v Line: 23
Info (286030): Timing-Driven Synthesis is running
Info (16010): Generating hard_block partition "hard_block:auto_generated_inst"
    Info (16011): Adding 0 node(s), including 0 DDIO, 0 PLL, 0 transceiver and 0 LCELL
Warning (21074): Design contains 1 input pin(s) that do not drive logic
    Warning (15610): No output dependent on input pin "dataa[31]" File: C:/Users/linmo/Desktop/DSD/test/system_template_de1_soc/IP/CORDIC/CORDIC.v Line: 16
Info (21057): Implemented 2085 device resources after synthesis - the final resource count might be different
    Info (21058): Implemented 34 input pins
    Info (21059): Implemented 96 output pins
    Info (21061): Implemented 1955 logic cells
Info: Quartus Prime Analysis & Synthesis was successful. 0 errors, 24 warnings
    Info: Peak virtual memory: 4844 megabytes
    Info: Processing ended: Thu Mar 07 02:19:37 2024
    Info: Elapsed time: 00:00:10
    Info: Total CPU time (on all processors): 00:00:19


